d:\source\repos\hakowinappsapi\hakowinappsapi\x64\debug\hakowinappsapi.pch
d:\source\repos\hakowinappsapi\hakowinappsapi\x64\debug\vc143.pdb
d:\source\repos\hakowinappsapi\hakowinappsapi\x64\debug\vc143.idb
d:\source\repos\hakowinappsapi\hakowinappsapi\x64\debug\pch.obj
d:\source\repos\hakowinappsapi\hakowinappsapi\x64\debug\hakowinappsdlg.obj
d:\source\repos\hakowinappsapi\hakowinappsapi\x64\debug\hakowinapps.obj
d:\source\repos\hakowinappsapi\x64\debug\hakowinappsapi.exe
d:\source\repos\hakowinappsapi\x64\debug\hakowinappsapi.pdb
d:\source\repos\hakowinappsapi\hakowinappsapi\x64\debug\hakowinapps.res
d:\source\repos\hakowinappsapi\hakowinappsapi\x64\debug\hakowinappsapi.ilk
d:\source\repos\hakowinappsapi\hakowinappsapi\x64\debug\hakowinappsapi.tlog\cl.command.1.tlog
d:\source\repos\hakowinappsapi\hakowinappsapi\x64\debug\hakowinappsapi.tlog\cl.items.tlog
d:\source\repos\hakowinappsapi\hakowinappsapi\x64\debug\hakowinappsapi.tlog\cl.read.1.tlog
d:\source\repos\hakowinappsapi\hakowinappsapi\x64\debug\hakowinappsapi.tlog\cl.write.1.tlog
d:\source\repos\hakowinappsapi\hakowinappsapi\x64\debug\hakowinappsapi.tlog\link.command.1.tlog
d:\source\repos\hakowinappsapi\hakowinappsapi\x64\debug\hakowinappsapi.tlog\link.read.1.tlog
d:\source\repos\hakowinappsapi\hakowinappsapi\x64\debug\hakowinappsapi.tlog\link.secondary.1.tlog
d:\source\repos\hakowinappsapi\hakowinappsapi\x64\debug\hakowinappsapi.tlog\link.write.1.tlog
d:\source\repos\hakowinappsapi\hakowinappsapi\x64\debug\hakowinappsapi.tlog\rc.command.1.tlog
d:\source\repos\hakowinappsapi\hakowinappsapi\x64\debug\hakowinappsapi.tlog\rc.read.1.tlog
d:\source\repos\hakowinappsapi\hakowinappsapi\x64\debug\hakowinappsapi.tlog\rc.write.1.tlog
